[debug] [2021-05-11T14:51:31.026Z] ----------------------------------------------------------------------
[debug] [2021-05-11T14:51:31.027Z] Command:       /Users/koichi/.volta/tools/image/node/16.0.0/bin/node /Users/koichi/.volta/tools/image/packages/firebase-tools/bin/firebase deploy --only functions
[debug] [2021-05-11T14:51:31.027Z] CLI Version:   9.10.0
[debug] [2021-05-11T14:51:31.027Z] Platform:      darwin
[debug] [2021-05-11T14:51:31.027Z] Node Version:  v16.0.0
[debug] [2021-05-11T14:51:31.027Z] Time:          Tue May 11 2021 23:51:31 GMT+0900 (日本標準時)
[debug] [2021-05-11T14:51:31.028Z] ----------------------------------------------------------------------
[debug] 
[debug] [2021-05-11T14:51:31.031Z] > command requires scopes: ["email","openid","https://www.googleapis.com/auth/cloudplatformprojects.readonly","https://www.googleapis.com/auth/firebase","https://www.googleapis.com/auth/cloud-platform"]
[debug] [2021-05-11T14:51:31.031Z] > authorizing via signed-in user (koichi20110068@gmail.com)
[debug] [2021-05-11T14:51:31.031Z] [iam] checking project kiyo-dev-944 for permissions ["cloudfunctions.functions.create","cloudfunctions.functions.delete","cloudfunctions.functions.get","cloudfunctions.functions.list","cloudfunctions.functions.update","cloudfunctions.operations.get","firebase.projects.get"]
[debug] [2021-05-11T14:51:31.032Z] > refreshing access token with scopes: ["email","https://www.googleapis.com/auth/cloud-platform","https://www.googleapis.com/auth/cloudplatformprojects.readonly","https://www.googleapis.com/auth/firebase","openid"]
[debug] [2021-05-11T14:51:31.032Z] >>> HTTP REQUEST POST https://www.googleapis.com/oauth2/v3/token  
 <request body omitted>
[debug] [2021-05-11T14:51:31.181Z] <<< HTTP RESPONSE 200 {"expires":"Mon, 01 Jan 1990 00:00:00 GMT","date":"Tue, 11 May 2021 14:51:31 GMT","pragma":"no-cache","cache-control":"no-cache, no-store, max-age=0, must-revalidate","content-type":"application/json; charset=utf-8","vary":"X-Origin, Referer, Origin,Accept-Encoding","server":"scaffolding on HTTPServer2","x-xss-protection":"0","x-frame-options":"SAMEORIGIN","x-content-type-options":"nosniff","alt-svc":"h3-29=\":443\"; ma=2592000,h3-T051=\":443\"; ma=2592000,h3-Q050=\":443\"; ma=2592000,h3-Q046=\":443\"; ma=2592000,h3-Q043=\":443\"; ma=2592000,quic=\":443\"; ma=2592000; v=\"46,43\"","accept-ranges":"none","transfer-encoding":"chunked"}
[debug] [2021-05-11T14:51:31.224Z] >>> HTTP REQUEST POST https://cloudresourcemanager.googleapis.com/v1/projects/kiyo-dev-944:testIamPermissions  
 {"permissions":["cloudfunctions.functions.create","cloudfunctions.functions.delete","cloudfunctions.functions.get","cloudfunctions.functions.list","cloudfunctions.functions.update","cloudfunctions.operations.get","firebase.projects.get"]}
[debug] [2021-05-11T14:51:31.924Z] <<< HTTP RESPONSE 200 {"content-type":"application/json; charset=UTF-8","vary":"X-Origin, Referer, Origin,Accept-Encoding","date":"Tue, 11 May 2021 14:51:31 GMT","server":"ESF","cache-control":"private","x-xss-protection":"0","x-frame-options":"SAMEORIGIN","x-content-type-options":"nosniff","server-timing":"gfet4t7; dur=592","alt-svc":"h3-29=\":443\"; ma=2592000,h3-T051=\":443\"; ma=2592000,h3-Q050=\":443\"; ma=2592000,h3-Q046=\":443\"; ma=2592000,h3-Q043=\":443\"; ma=2592000,quic=\":443\"; ma=2592000; v=\"46,43\"","accept-ranges":"none","transfer-encoding":"chunked"}
[debug] [2021-05-11T14:51:31.925Z] >>> HTTP REQUEST POST https://iam.googleapis.com/v1/projects/kiyo-dev-944/serviceAccounts/kiyo-dev-944@appspot.gserviceaccount.com:testIamPermissions  
 {"permissions":["iam.serviceAccounts.actAs"]}
[debug] [2021-05-11T14:51:32.416Z] <<< HTTP RESPONSE 200 {"content-type":"application/json; charset=UTF-8","vary":"X-Origin, Referer, Origin,Accept-Encoding","date":"Tue, 11 May 2021 14:51:32 GMT","server":"ESF","cache-control":"private","x-xss-protection":"0","x-frame-options":"SAMEORIGIN","x-content-type-options":"nosniff","alt-svc":"h3-29=\":443\"; ma=2592000,h3-T051=\":443\"; ma=2592000,h3-Q050=\":443\"; ma=2592000,h3-Q046=\":443\"; ma=2592000,h3-Q043=\":443\"; ma=2592000,quic=\":443\"; ma=2592000; v=\"46,43\"","accept-ranges":"none","transfer-encoding":"chunked"}
[info] 
[info] === Deploying to 'kiyo-dev-944'...
[info] 
[info] i  deploying functions 
[info] Running command: npm run lint
[info] Running command: npm run build
[info] ✔  functions: Finished running predeploy script. 
[info] i  functions: ensuring required API cloudfunctions.googleapis.com is enabled... 
[info] i  functions: ensuring required API cloudbuild.googleapis.com is enabled... 
[debug] [2021-05-11T14:51:35.986Z] >>> HTTP REQUEST GET https://serviceusage.googleapis.com/v1/projects/kiyo-dev-944/services/cloudfunctions.googleapis.com  
 
[debug] [2021-05-11T14:51:35.987Z] >>> HTTP REQUEST GET https://serviceusage.googleapis.com/v1/projects/kiyo-dev-944/services/runtimeconfig.googleapis.com  
 
[debug] [2021-05-11T14:51:35.987Z] >>> HTTP REQUEST GET https://serviceusage.googleapis.com/v1/projects/kiyo-dev-944/services/cloudbuild.googleapis.com  
 
[debug] [2021-05-11T14:51:36.974Z] <<< HTTP RESPONSE 200 {"content-type":"application/json; charset=UTF-8","vary":"X-Origin, Referer, Origin,Accept-Encoding","date":"Tue, 11 May 2021 14:51:36 GMT","server":"ESF","cache-control":"private","x-xss-protection":"0","x-frame-options":"SAMEORIGIN","x-content-type-options":"nosniff","alt-svc":"h3-29=\":443\"; ma=2592000,h3-T051=\":443\"; ma=2592000,h3-Q050=\":443\"; ma=2592000,h3-Q046=\":443\"; ma=2592000,h3-Q043=\":443\"; ma=2592000,quic=\":443\"; ma=2592000; v=\"46,43\"","accept-ranges":"none","transfer-encoding":"chunked"}
[info] ✔  functions: required API cloudbuild.googleapis.com is enabled 
[debug] [2021-05-11T14:51:36.986Z] <<< HTTP RESPONSE 200 {"content-type":"application/json; charset=UTF-8","vary":"X-Origin, Referer, Origin,Accept-Encoding","date":"Tue, 11 May 2021 14:51:36 GMT","server":"ESF","cache-control":"private","x-xss-protection":"0","x-frame-options":"SAMEORIGIN","x-content-type-options":"nosniff","alt-svc":"h3-29=\":443\"; ma=2592000,h3-T051=\":443\"; ma=2592000,h3-Q050=\":443\"; ma=2592000,h3-Q046=\":443\"; ma=2592000,h3-Q043=\":443\"; ma=2592000,quic=\":443\"; ma=2592000; v=\"46,43\"","accept-ranges":"none","transfer-encoding":"chunked"}
[debug] [2021-05-11T14:51:36.998Z] <<< HTTP RESPONSE 200 {"content-type":"application/json; charset=UTF-8","vary":"X-Origin, Referer, Origin,Accept-Encoding","date":"Tue, 11 May 2021 14:51:36 GMT","server":"ESF","cache-control":"private","x-xss-protection":"0","x-frame-options":"SAMEORIGIN","x-content-type-options":"nosniff","alt-svc":"h3-29=\":443\"; ma=2592000,h3-T051=\":443\"; ma=2592000,h3-Q050=\":443\"; ma=2592000,h3-Q046=\":443\"; ma=2592000,h3-Q043=\":443\"; ma=2592000,quic=\":443\"; ma=2592000; v=\"46,43\"","accept-ranges":"none","transfer-encoding":"chunked"}
[info] ✔  functions: required API cloudfunctions.googleapis.com is enabled 
[debug] [2021-05-11T14:51:36.999Z] >>> HTTP REQUEST GET https://firebase.googleapis.com/v1beta1/projects/kiyo-dev-944/adminSdkConfig  
 
[debug] [2021-05-11T14:51:37.575Z] <<< HTTP RESPONSE 200 {"content-type":"application/json; charset=UTF-8","vary":"X-Origin, Referer, Origin,Accept-Encoding","date":"Tue, 11 May 2021 14:51:37 GMT","server":"ESF","cache-control":"private","x-xss-protection":"0","x-frame-options":"SAMEORIGIN","x-content-type-options":"nosniff","alt-svc":"h3-29=\":443\"; ma=2592000,h3-T051=\":443\"; ma=2592000,h3-Q050=\":443\"; ma=2592000,h3-Q046=\":443\"; ma=2592000,h3-Q043=\":443\"; ma=2592000,quic=\":443\"; ma=2592000; v=\"46,43\"","accept-ranges":"none","transfer-encoding":"chunked"}
[info] i  functions: preparing . directory for uploading... 
[debug] [2021-05-11T14:51:37.578Z] >>> HTTP REQUEST GET https://runtimeconfig.googleapis.com/v1beta1/projects/kiyo-dev-944/configs  
 
[debug] [2021-05-11T14:51:38.784Z] <<< HTTP RESPONSE 200 {"content-type":"application/json; charset=UTF-8","vary":"X-Origin, Referer, Origin,Accept-Encoding","date":"Tue, 11 May 2021 14:51:38 GMT","server":"ESF","cache-control":"private","x-xss-protection":"0","x-frame-options":"SAMEORIGIN","x-content-type-options":"nosniff","alt-svc":"h3-29=\":443\"; ma=2592000,h3-T051=\":443\"; ma=2592000,h3-Q050=\":443\"; ma=2592000,h3-Q046=\":443\"; ma=2592000,h3-Q043=\":443\"; ma=2592000,quic=\":443\"; ma=2592000; v=\"46,43\"","accept-ranges":"none","transfer-encoding":"chunked"}
[info] i  functions: packaged . (100.47 KB) for uploading 
[debug] [2021-05-11T14:51:38.906Z] > [functions] package.json contents: {
  "name": "functions",
  "scripts": {
    "lint": "eslint --ext .js,.ts .",
    "build": "rm -rf lib && node scripts/build.js",
    "dev": "npm run build -- -watch",
    "serve": "npm run build && firebase emulators:start --only functions",
    "shell": "npm run build && firebase functions:shell",
    "start": "npm run shell",
    "deploy": "firebase deploy --only functions",
    "logs": "firebase functions:log"
  },
  "engines": {
    "node": "12"
  },
  "main": "lib/index.js",
  "dependencies": {
    "eslint-import-resolver-typescript": "^2.4.0",
    "firebase-admin": "^9.2.0",
    "firebase-functions": "^3.11.0",
    "tiny-glob": "^0.2.8"
  },
  "devDependencies": {
    "@types/node": "^15.0.2",
    "@typescript-eslint/eslint-plugin": "^3.9.1",
    "@typescript-eslint/parser": "^3.8.0",
    "esbuild": "^0.11.20",
    "eslint": "^7.6.0",
    "eslint-config-google": "^0.14.0",
    "eslint-config-prettier": "^8.3.0",
    "eslint-plugin-import": "^2.22.0",
    "firebase-functions-test": "^0.2.0",
    "prettier": "^2.3.0",
    "typescript": "^3.8.0"
  },
  "private": true
}
[debug] [2021-05-11T14:51:38.906Z] >>> HTTP REQUEST GET https://cloudfunctions.googleapis.com/v1/projects/kiyo-dev-944/locations/-/functions  
 
[debug] [2021-05-11T14:51:39.605Z] <<< HTTP RESPONSE 200 {"content-type":"application/json; charset=UTF-8","vary":"X-Origin, Referer, Origin,Accept-Encoding","date":"Tue, 11 May 2021 14:51:39 GMT","server":"ESF","cache-control":"private","x-xss-protection":"0","x-frame-options":"SAMEORIGIN","x-content-type-options":"nosniff","alt-svc":"h3-29=\":443\"; ma=2592000,h3-T051=\":443\"; ma=2592000,h3-Q050=\":443\"; ma=2592000,h3-Q046=\":443\"; ma=2592000,h3-Q043=\":443\"; ma=2592000,quic=\":443\"; ma=2592000; v=\"46,43\"","accept-ranges":"none","transfer-encoding":"chunked"}
[debug] [2021-05-11T14:51:39.606Z] [functions] found 1 new HTTP functions, testing setIamPolicy permission...
[debug] [2021-05-11T14:51:39.607Z] >>> HTTP REQUEST POST https://cloudresourcemanager.googleapis.com/v1/projects/kiyo-dev-944:testIamPermissions  
 {"permissions":["cloudfunctions.functions.setIamPolicy"]}
[debug] [2021-05-11T14:51:40.285Z] <<< HTTP RESPONSE 200 {"content-type":"application/json; charset=UTF-8","vary":"X-Origin, Referer, Origin,Accept-Encoding","date":"Tue, 11 May 2021 14:51:40 GMT","server":"ESF","cache-control":"private","x-xss-protection":"0","x-frame-options":"SAMEORIGIN","x-content-type-options":"nosniff","server-timing":"gfet4t7; dur=555","alt-svc":"h3-29=\":443\"; ma=2592000,h3-T051=\":443\"; ma=2592000,h3-Q050=\":443\"; ma=2592000,h3-Q046=\":443\"; ma=2592000,h3-Q043=\":443\"; ma=2592000,quic=\":443\"; ma=2592000; v=\"46,43\"","accept-ranges":"none","transfer-encoding":"chunked"}
[debug] [2021-05-11T14:51:40.286Z] [functions] found setIamPolicy permission, proceeding with deploy
[debug] [2021-05-11T14:51:40.287Z] >>> HTTP REQUEST POST https://cloudfunctions.googleapis.com/v1/projects/kiyo-dev-944/locations/us-central1/functions:generateUploadUrl  
 
[debug] [2021-05-11T14:51:41.228Z] <<< HTTP RESPONSE 200 {"content-type":"application/json; charset=UTF-8","vary":"X-Origin, Referer, Origin,Accept-Encoding","date":"Tue, 11 May 2021 14:51:41 GMT","server":"ESF","cache-control":"private","x-xss-protection":"0","x-frame-options":"SAMEORIGIN","x-content-type-options":"nosniff","alt-svc":"h3-29=\":443\"; ma=2592000,h3-T051=\":443\"; ma=2592000,h3-Q050=\":443\"; ma=2592000,h3-Q046=\":443\"; ma=2592000,h3-Q043=\":443\"; ma=2592000,quic=\":443\"; ma=2592000; v=\"46,43\"","accept-ranges":"none","transfer-encoding":"chunked"}
[debug] [2021-05-11T14:51:41.228Z] >>> HTTP REQUEST PUT https://storage.googleapis.com/gcf-upload-us-central1-10b55855-dcfb-4814-8854-a8f08a1c067d/b16ae47b-0ae0-472c-969b-22f8ebbd41d6.zip?GoogleAccessId=service-142489019031@gcf-admin-robot.iam.gserviceaccount.com&Expires=1620746501&Signature=Gx7jKzVhBO8LCG1ZB2%2BZcIDtiBCxXGVgetycNfX%2BtecY6YMVncclb%2FqfL0Q2LOfy1NzxZcprFMdyVjgC7Af8NbeuKCvMUG7edizf0d%2Fu2KeN%2FAtIQCW%2B03qLMoOhcrERP%2BG9r68frMQKb1Rk1wnbJwcK6zFWctdAqx1mk2m4uMNbNdlHxyNEjflKCqaTE%2BLNCmgT3OQBUS%2B%2F63F25GDOpOXNn%2FZi17D6AZEAYOJu3u6sZaJFkocRqach5bLIzimN8BQw%2F2IYlQLW0PUjDSIVGBghct2oPHe67tZE%2BSYbqhAA1OLdLpiSkwEKPLOjs60XvxUlPznS4YZDIPQfGRR7qQ%3D%3D  
 <request body omitted>
[debug] [2021-05-11T14:51:41.518Z] <<< HTTP RESPONSE 200 {"x-guploader-uploadid":"ABg5-UzeaH2cAWZ8o_vaSVzKzAJ8dAZvdLXmbtJuxsKZhFGoXkblvG2vHN0HirBreVsCikjpkl_oInHciE0XpHDVpGSZ3QxjrQ","etag":"\"9a6b56e02a804fccc349fd44443190ff\"","x-goog-generation":"1620744701454717","x-goog-metageneration":"1","x-goog-hash":"crc32c=LKNkBQ==, md5=mmtW4CqAT8zDSf1ERDGQ/w==","x-goog-stored-content-length":"102877","x-goog-stored-content-encoding":"identity","vary":"Origin","content-length":"0","date":"Tue, 11 May 2021 14:51:41 GMT","server":"UploadServer","content-type":"text/html; charset=UTF-8","alt-svc":"h3-29=\":443\"; ma=2592000,h3-T051=\":443\"; ma=2592000,h3-Q050=\":443\"; ma=2592000,h3-Q046=\":443\"; ma=2592000,h3-Q043=\":443\"; ma=2592000,quic=\":443\"; ma=2592000; v=\"46,43\""}
[info] ✔  functions: . folder uploaded successfully 
[info] i  functions: creating Node.js 12 function createPost(asia-northeast1)... 
[debug] [2021-05-11T14:51:41.522Z] >>> HTTP REQUEST POST https://cloudfunctions.googleapis.com/v1/projects/kiyo-dev-944/locations/asia-northeast1/functions  
 {"sourceUploadUrl":"https://storage.googleapis.com/gcf-upload-us-central1-10b55855-dcfb-4814-8854-a8f08a1c067d/b16ae47b-0ae0-472c-969b-22f8ebbd41d6.zip?GoogleAccessId=service-142489019031@gcf-admin-robot.iam.gserviceaccount.com&Expires=1620746501&Signature=Gx7jKzVhBO8LCG1ZB2%2BZcIDtiBCxXGVgetycNfX%2BtecY6YMVncclb%2FqfL0Q2LOfy1NzxZcprFMdyVjgC7Af8NbeuKCvMUG7edizf0d%2Fu2KeN%2FAtIQCW%2B03qLMoOhcrERP%2BG9r68frMQKb1Rk1wnbJwcK6zFWctdAqx1mk2m4uMNbNdlHxyNEjflKCqaTE%2BLNCmgT3OQBUS%2B%2F63F25GDOpOXNn%2FZi17D6AZEAYOJu3u6sZaJFkocRqach5bLIzimN8BQw%2F2IYlQLW0PUjDSIVGBghct2oPHe67tZE%2BSYbqhAA1OLdLpiSkwEKPLOjs60XvxUlPznS4YZDIPQfGRR7qQ%3D%3D","name":"projects/kiyo-dev-944/locations/asia-northeast1/functions/createPost","entryPoint":"createPost","labels":{"deployment-tool":"cli-firebase","deployment-callable":"true"},"runtime":"nodejs12","environmentVariables":{"FIREBASE_CONFIG":"{\"projectId\":\"kiyo-dev-944\",\"storageBucket\":\"kiyo-dev-944.appspot.com\",\"locationId\":\"asia-northeast1\"}"},"httpsTrigger":{}}
[debug] [2021-05-11T14:51:43.092Z] <<< HTTP RESPONSE 200 {"content-type":"application/json; charset=UTF-8","vary":"X-Origin, Referer, Origin,Accept-Encoding","date":"Tue, 11 May 2021 14:51:43 GMT","server":"ESF","cache-control":"private","x-xss-protection":"0","x-frame-options":"SAMEORIGIN","x-content-type-options":"nosniff","alt-svc":"h3-29=\":443\"; ma=2592000,h3-T051=\":443\"; ma=2592000,h3-Q050=\":443\"; ma=2592000,h3-Q046=\":443\"; ma=2592000,h3-Q043=\":443\"; ma=2592000,quic=\":443\"; ma=2592000; v=\"46,43\"","accept-ranges":"none","transfer-encoding":"chunked"}
[debug] [2021-05-11T14:51:43.093Z] > refreshing access token with scopes: []
[debug] [2021-05-11T14:51:43.094Z] >>> HTTP REQUEST POST https://www.googleapis.com/oauth2/v3/token  
 <request body omitted>
[debug] [2021-05-11T14:51:43.293Z] <<< HTTP RESPONSE 200 {"pragma":"no-cache","cache-control":"no-cache, no-store, max-age=0, must-revalidate","date":"Tue, 11 May 2021 14:51:43 GMT","expires":"Mon, 01 Jan 1990 00:00:00 GMT","content-type":"application/json; charset=utf-8","vary":"X-Origin, Referer, Origin,Accept-Encoding","server":"scaffolding on HTTPServer2","x-xss-protection":"0","x-frame-options":"SAMEORIGIN","x-content-type-options":"nosniff","alt-svc":"h3-29=\":443\"; ma=2592000,h3-T051=\":443\"; ma=2592000,h3-Q050=\":443\"; ma=2592000,h3-Q046=\":443\"; ma=2592000,h3-Q043=\":443\"; ma=2592000,quic=\":443\"; ma=2592000; v=\"46,43\"","accept-ranges":"none","transfer-encoding":"chunked"}
[debug] [2021-05-11T14:51:43.334Z] >>> [apiv2][query] GET https://cloudfunctions.googleapis.com/v1/operations/a2l5by1kZXYtOTQ0L2FzaWEtbm9ydGhlYXN0MS9jcmVhdGVQb3N0L2JGVHFiSDl3a1B3 [none]
[debug] [2021-05-11T14:51:43.774Z] <<< [apiv2][status] GET https://cloudfunctions.googleapis.com/v1/operations/a2l5by1kZXYtOTQ0L2FzaWEtbm9ydGhlYXN0MS9jcmVhdGVQb3N0L2JGVHFiSDl3a1B3 200
[debug] [2021-05-11T14:51:43.775Z] <<< [apiv2][body] GET https://cloudfunctions.googleapis.com/v1/operations/a2l5by1kZXYtOTQ0L2FzaWEtbm9ydGhlYXN0MS9jcmVhdGVQb3N0L2JGVHFiSDl3a1B3 {"name":"operations/a2l5by1kZXYtOTQ0L2FzaWEtbm9ydGhlYXN0MS9jcmVhdGVQb3N0L2JGVHFiSDl3a1B3","metadata":{"@type":"type.googleapis.com/google.cloud.functions.v1.OperationMetadataV1","target":"projects/kiyo-dev-944/locations/asia-northeast1/functions/createPost","type":"CREATE_FUNCTION","request":{"@type":"type.googleapis.com/google.cloud.functions.v1.CloudFunction","name":"projects/kiyo-dev-944/locations/asia-northeast1/functions/createPost","httpsTrigger":{},"entryPoint":"createPost","labels":{"deployment-tool":"cli-firebase","deployment-callable":"true"},"sourceUploadUrl":"https://storage.googleapis.com/gcf-upload-us-central1-10b55855-dcfb-4814-8854-a8f08a1c067d/b16ae47b-0ae0-472c-969b-22f8ebbd41d6.zip?GoogleAccessId=service-142489019031@gcf-admin-robot.iam.gserviceaccount.com&Expires=1620746501&Signature=Gx7jKzVhBO8LCG1ZB2%2BZcIDtiBCxXGVgetycNfX%2BtecY6YMVncclb%2FqfL0Q2LOfy1NzxZcprFMdyVjgC7Af8NbeuKCvMUG7edizf0d%2Fu2KeN%2FAtIQCW%2B03qLMoOhcrERP%2BG9r68frMQKb1Rk1wnbJwcK6zFWctdAqx1mk2m4uMNbNdlHxyNEjflKCqaTE%2BLNCmgT3OQBUS%2B%2F63F25GDOpOXNn%2FZi17D6AZEAYOJu3u6sZaJFkocRqach5bLIzimN8BQw%2F2IYlQLW0PUjDSIVGBghct2oPHe67tZE%2BSYbqhAA1OLdLpiSkwEKPLOjs60XvxUlPznS4YZDIPQfGRR7qQ%3D%3D","environmentVariables":{"FIREBASE_CONFIG":"{\"projectId\":\"kiyo-dev-944\",\"storageBucket\":\"kiyo-dev-944.appspot.com\",\"locationId\":\"asia-northeast1\"}"},"runtime":"nodejs12"},"versionId":"1","updateTime":"2021-05-11T14:51:42Z"}}
[debug] [2021-05-11T14:51:44.281Z] [create-projects/kiyo-dev-944/locations/asia-northeast1/functions/createPost] Retrying task index 0
[debug] [2021-05-11T14:51:44.282Z] >>> [apiv2][query] GET https://cloudfunctions.googleapis.com/v1/operations/a2l5by1kZXYtOTQ0L2FzaWEtbm9ydGhlYXN0MS9jcmVhdGVQb3N0L2JGVHFiSDl3a1B3 [none]
[debug] [2021-05-11T14:51:44.822Z] <<< [apiv2][status] GET https://cloudfunctions.googleapis.com/v1/operations/a2l5by1kZXYtOTQ0L2FzaWEtbm9ydGhlYXN0MS9jcmVhdGVQb3N0L2JGVHFiSDl3a1B3 200
[debug] [2021-05-11T14:51:44.822Z] <<< [apiv2][body] GET https://cloudfunctions.googleapis.com/v1/operations/a2l5by1kZXYtOTQ0L2FzaWEtbm9ydGhlYXN0MS9jcmVhdGVQb3N0L2JGVHFiSDl3a1B3 {"name":"operations/a2l5by1kZXYtOTQ0L2FzaWEtbm9ydGhlYXN0MS9jcmVhdGVQb3N0L2JGVHFiSDl3a1B3","metadata":{"@type":"type.googleapis.com/google.cloud.functions.v1.OperationMetadataV1","target":"projects/kiyo-dev-944/locations/asia-northeast1/functions/createPost","type":"CREATE_FUNCTION","request":{"@type":"type.googleapis.com/google.cloud.functions.v1.CloudFunction","name":"projects/kiyo-dev-944/locations/asia-northeast1/functions/createPost","httpsTrigger":{},"entryPoint":"createPost","labels":{"deployment-tool":"cli-firebase","deployment-callable":"true"},"sourceUploadUrl":"https://storage.googleapis.com/gcf-upload-us-central1-10b55855-dcfb-4814-8854-a8f08a1c067d/b16ae47b-0ae0-472c-969b-22f8ebbd41d6.zip?GoogleAccessId=service-142489019031@gcf-admin-robot.iam.gserviceaccount.com&Expires=1620746501&Signature=Gx7jKzVhBO8LCG1ZB2%2BZcIDtiBCxXGVgetycNfX%2BtecY6YMVncclb%2FqfL0Q2LOfy1NzxZcprFMdyVjgC7Af8NbeuKCvMUG7edizf0d%2Fu2KeN%2FAtIQCW%2B03qLMoOhcrERP%2BG9r68frMQKb1Rk1wnbJwcK6zFWctdAqx1mk2m4uMNbNdlHxyNEjflKCqaTE%2BLNCmgT3OQBUS%2B%2F63F25GDOpOXNn%2FZi17D6AZEAYOJu3u6sZaJFkocRqach5bLIzimN8BQw%2F2IYlQLW0PUjDSIVGBghct2oPHe67tZE%2BSYbqhAA1OLdLpiSkwEKPLOjs60XvxUlPznS4YZDIPQfGRR7qQ%3D%3D","environmentVariables":{"FIREBASE_CONFIG":"{\"projectId\":\"kiyo-dev-944\",\"storageBucket\":\"kiyo-dev-944.appspot.com\",\"locationId\":\"asia-northeast1\"}"},"runtime":"nodejs12"},"versionId":"1","updateTime":"2021-05-11T14:51:44Z"}}
[debug] [2021-05-11T14:51:45.828Z] [create-projects/kiyo-dev-944/locations/asia-northeast1/functions/createPost] Retrying task index 0
[debug] [2021-05-11T14:51:45.829Z] >>> [apiv2][query] GET https://cloudfunctions.googleapis.com/v1/operations/a2l5by1kZXYtOTQ0L2FzaWEtbm9ydGhlYXN0MS9jcmVhdGVQb3N0L2JGVHFiSDl3a1B3 [none]
[debug] [2021-05-11T14:51:46.250Z] <<< [apiv2][status] GET https://cloudfunctions.googleapis.com/v1/operations/a2l5by1kZXYtOTQ0L2FzaWEtbm9ydGhlYXN0MS9jcmVhdGVQb3N0L2JGVHFiSDl3a1B3 200
[debug] [2021-05-11T14:51:46.250Z] <<< [apiv2][body] GET https://cloudfunctions.googleapis.com/v1/operations/a2l5by1kZXYtOTQ0L2FzaWEtbm9ydGhlYXN0MS9jcmVhdGVQb3N0L2JGVHFiSDl3a1B3 {"name":"operations/a2l5by1kZXYtOTQ0L2FzaWEtbm9ydGhlYXN0MS9jcmVhdGVQb3N0L2JGVHFiSDl3a1B3","metadata":{"@type":"type.googleapis.com/google.cloud.functions.v1.OperationMetadataV1","target":"projects/kiyo-dev-944/locations/asia-northeast1/functions/createPost","type":"CREATE_FUNCTION","request":{"@type":"type.googleapis.com/google.cloud.functions.v1.CloudFunction","name":"projects/kiyo-dev-944/locations/asia-northeast1/functions/createPost","httpsTrigger":{},"entryPoint":"createPost","labels":{"deployment-tool":"cli-firebase","deployment-callable":"true"},"sourceUploadUrl":"https://storage.googleapis.com/gcf-upload-us-central1-10b55855-dcfb-4814-8854-a8f08a1c067d/b16ae47b-0ae0-472c-969b-22f8ebbd41d6.zip?GoogleAccessId=service-142489019031@gcf-admin-robot.iam.gserviceaccount.com&Expires=1620746501&Signature=Gx7jKzVhBO8LCG1ZB2%2BZcIDtiBCxXGVgetycNfX%2BtecY6YMVncclb%2FqfL0Q2LOfy1NzxZcprFMdyVjgC7Af8NbeuKCvMUG7edizf0d%2Fu2KeN%2FAtIQCW%2B03qLMoOhcrERP%2BG9r68frMQKb1Rk1wnbJwcK6zFWctdAqx1mk2m4uMNbNdlHxyNEjflKCqaTE%2BLNCmgT3OQBUS%2B%2F63F25GDOpOXNn%2FZi17D6AZEAYOJu3u6sZaJFkocRqach5bLIzimN8BQw%2F2IYlQLW0PUjDSIVGBghct2oPHe67tZE%2BSYbqhAA1OLdLpiSkwEKPLOjs60XvxUlPznS4YZDIPQfGRR7qQ%3D%3D","environmentVariables":{"FIREBASE_CONFIG":"{\"projectId\":\"kiyo-dev-944\",\"storageBucket\":\"kiyo-dev-944.appspot.com\",\"locationId\":\"asia-northeast1\"}"},"runtime":"nodejs12"},"versionId":"1","updateTime":"2021-05-11T14:51:44Z"}}
[debug] [2021-05-11T14:51:48.256Z] [create-projects/kiyo-dev-944/locations/asia-northeast1/functions/createPost] Retrying task index 0
[debug] [2021-05-11T14:51:48.257Z] >>> [apiv2][query] GET https://cloudfunctions.googleapis.com/v1/operations/a2l5by1kZXYtOTQ0L2FzaWEtbm9ydGhlYXN0MS9jcmVhdGVQb3N0L2JGVHFiSDl3a1B3 [none]
[debug] [2021-05-11T14:51:49.250Z] <<< [apiv2][status] GET https://cloudfunctions.googleapis.com/v1/operations/a2l5by1kZXYtOTQ0L2FzaWEtbm9ydGhlYXN0MS9jcmVhdGVQb3N0L2JGVHFiSDl3a1B3 200
[debug] [2021-05-11T14:51:49.250Z] <<< [apiv2][body] GET https://cloudfunctions.googleapis.com/v1/operations/a2l5by1kZXYtOTQ0L2FzaWEtbm9ydGhlYXN0MS9jcmVhdGVQb3N0L2JGVHFiSDl3a1B3 {"name":"operations/a2l5by1kZXYtOTQ0L2FzaWEtbm9ydGhlYXN0MS9jcmVhdGVQb3N0L2JGVHFiSDl3a1B3","metadata":{"@type":"type.googleapis.com/google.cloud.functions.v1.OperationMetadataV1","target":"projects/kiyo-dev-944/locations/asia-northeast1/functions/createPost","type":"CREATE_FUNCTION","request":{"@type":"type.googleapis.com/google.cloud.functions.v1.CloudFunction","name":"projects/kiyo-dev-944/locations/asia-northeast1/functions/createPost","httpsTrigger":{},"entryPoint":"createPost","labels":{"deployment-tool":"cli-firebase","deployment-callable":"true"},"sourceUploadUrl":"https://storage.googleapis.com/gcf-upload-us-central1-10b55855-dcfb-4814-8854-a8f08a1c067d/b16ae47b-0ae0-472c-969b-22f8ebbd41d6.zip?GoogleAccessId=service-142489019031@gcf-admin-robot.iam.gserviceaccount.com&Expires=1620746501&Signature=Gx7jKzVhBO8LCG1ZB2%2BZcIDtiBCxXGVgetycNfX%2BtecY6YMVncclb%2FqfL0Q2LOfy1NzxZcprFMdyVjgC7Af8NbeuKCvMUG7edizf0d%2Fu2KeN%2FAtIQCW%2B03qLMoOhcrERP%2BG9r68frMQKb1Rk1wnbJwcK6zFWctdAqx1mk2m4uMNbNdlHxyNEjflKCqaTE%2BLNCmgT3OQBUS%2B%2F63F25GDOpOXNn%2FZi17D6AZEAYOJu3u6sZaJFkocRqach5bLIzimN8BQw%2F2IYlQLW0PUjDSIVGBghct2oPHe67tZE%2BSYbqhAA1OLdLpiSkwEKPLOjs60XvxUlPznS4YZDIPQfGRR7qQ%3D%3D","environmentVariables":{"FIREBASE_CONFIG":"{\"projectId\":\"kiyo-dev-944\",\"storageBucket\":\"kiyo-dev-944.appspot.com\",\"locationId\":\"asia-northeast1\"}"},"runtime":"nodejs12"},"versionId":"1","updateTime":"2021-05-11T14:51:44Z","buildId":"ddae8042-54d0-4616-9c1d-3da4b8766ef9"}}
[debug] [2021-05-11T14:51:53.254Z] [create-projects/kiyo-dev-944/locations/asia-northeast1/functions/createPost] Retrying task index 0
[debug] [2021-05-11T14:51:53.255Z] >>> [apiv2][query] GET https://cloudfunctions.googleapis.com/v1/operations/a2l5by1kZXYtOTQ0L2FzaWEtbm9ydGhlYXN0MS9jcmVhdGVQb3N0L2JGVHFiSDl3a1B3 [none]
[debug] [2021-05-11T14:51:53.647Z] <<< [apiv2][status] GET https://cloudfunctions.googleapis.com/v1/operations/a2l5by1kZXYtOTQ0L2FzaWEtbm9ydGhlYXN0MS9jcmVhdGVQb3N0L2JGVHFiSDl3a1B3 200
[debug] [2021-05-11T14:51:53.647Z] <<< [apiv2][body] GET https://cloudfunctions.googleapis.com/v1/operations/a2l5by1kZXYtOTQ0L2FzaWEtbm9ydGhlYXN0MS9jcmVhdGVQb3N0L2JGVHFiSDl3a1B3 {"name":"operations/a2l5by1kZXYtOTQ0L2FzaWEtbm9ydGhlYXN0MS9jcmVhdGVQb3N0L2JGVHFiSDl3a1B3","metadata":{"@type":"type.googleapis.com/google.cloud.functions.v1.OperationMetadataV1","target":"projects/kiyo-dev-944/locations/asia-northeast1/functions/createPost","type":"CREATE_FUNCTION","request":{"@type":"type.googleapis.com/google.cloud.functions.v1.CloudFunction","name":"projects/kiyo-dev-944/locations/asia-northeast1/functions/createPost","httpsTrigger":{},"entryPoint":"createPost","labels":{"deployment-tool":"cli-firebase","deployment-callable":"true"},"sourceUploadUrl":"https://storage.googleapis.com/gcf-upload-us-central1-10b55855-dcfb-4814-8854-a8f08a1c067d/b16ae47b-0ae0-472c-969b-22f8ebbd41d6.zip?GoogleAccessId=service-142489019031@gcf-admin-robot.iam.gserviceaccount.com&Expires=1620746501&Signature=Gx7jKzVhBO8LCG1ZB2%2BZcIDtiBCxXGVgetycNfX%2BtecY6YMVncclb%2FqfL0Q2LOfy1NzxZcprFMdyVjgC7Af8NbeuKCvMUG7edizf0d%2Fu2KeN%2FAtIQCW%2B03qLMoOhcrERP%2BG9r68frMQKb1Rk1wnbJwcK6zFWctdAqx1mk2m4uMNbNdlHxyNEjflKCqaTE%2BLNCmgT3OQBUS%2B%2F63F25GDOpOXNn%2FZi17D6AZEAYOJu3u6sZaJFkocRqach5bLIzimN8BQw%2F2IYlQLW0PUjDSIVGBghct2oPHe67tZE%2BSYbqhAA1OLdLpiSkwEKPLOjs60XvxUlPznS4YZDIPQfGRR7qQ%3D%3D","environmentVariables":{"FIREBASE_CONFIG":"{\"projectId\":\"kiyo-dev-944\",\"storageBucket\":\"kiyo-dev-944.appspot.com\",\"locationId\":\"asia-northeast1\"}"},"runtime":"nodejs12"},"versionId":"1","updateTime":"2021-05-11T14:51:44Z","buildId":"ddae8042-54d0-4616-9c1d-3da4b8766ef9"}}
[debug] [2021-05-11T14:52:01.653Z] [create-projects/kiyo-dev-944/locations/asia-northeast1/functions/createPost] Retrying task index 0
[debug] [2021-05-11T14:52:01.654Z] >>> [apiv2][query] GET https://cloudfunctions.googleapis.com/v1/operations/a2l5by1kZXYtOTQ0L2FzaWEtbm9ydGhlYXN0MS9jcmVhdGVQb3N0L2JGVHFiSDl3a1B3 [none]
[debug] [2021-05-11T14:52:02.231Z] <<< [apiv2][status] GET https://cloudfunctions.googleapis.com/v1/operations/a2l5by1kZXYtOTQ0L2FzaWEtbm9ydGhlYXN0MS9jcmVhdGVQb3N0L2JGVHFiSDl3a1B3 200
[debug] [2021-05-11T14:52:02.232Z] <<< [apiv2][body] GET https://cloudfunctions.googleapis.com/v1/operations/a2l5by1kZXYtOTQ0L2FzaWEtbm9ydGhlYXN0MS9jcmVhdGVQb3N0L2JGVHFiSDl3a1B3 {"name":"operations/a2l5by1kZXYtOTQ0L2FzaWEtbm9ydGhlYXN0MS9jcmVhdGVQb3N0L2JGVHFiSDl3a1B3","metadata":{"@type":"type.googleapis.com/google.cloud.functions.v1.OperationMetadataV1","target":"projects/kiyo-dev-944/locations/asia-northeast1/functions/createPost","type":"CREATE_FUNCTION","request":{"@type":"type.googleapis.com/google.cloud.functions.v1.CloudFunction","name":"projects/kiyo-dev-944/locations/asia-northeast1/functions/createPost","httpsTrigger":{},"entryPoint":"createPost","labels":{"deployment-tool":"cli-firebase","deployment-callable":"true"},"sourceUploadUrl":"https://storage.googleapis.com/gcf-upload-us-central1-10b55855-dcfb-4814-8854-a8f08a1c067d/b16ae47b-0ae0-472c-969b-22f8ebbd41d6.zip?GoogleAccessId=service-142489019031@gcf-admin-robot.iam.gserviceaccount.com&Expires=1620746501&Signature=Gx7jKzVhBO8LCG1ZB2%2BZcIDtiBCxXGVgetycNfX%2BtecY6YMVncclb%2FqfL0Q2LOfy1NzxZcprFMdyVjgC7Af8NbeuKCvMUG7edizf0d%2Fu2KeN%2FAtIQCW%2B03qLMoOhcrERP%2BG9r68frMQKb1Rk1wnbJwcK6zFWctdAqx1mk2m4uMNbNdlHxyNEjflKCqaTE%2BLNCmgT3OQBUS%2B%2F63F25GDOpOXNn%2FZi17D6AZEAYOJu3u6sZaJFkocRqach5bLIzimN8BQw%2F2IYlQLW0PUjDSIVGBghct2oPHe67tZE%2BSYbqhAA1OLdLpiSkwEKPLOjs60XvxUlPznS4YZDIPQfGRR7qQ%3D%3D","environmentVariables":{"FIREBASE_CONFIG":"{\"projectId\":\"kiyo-dev-944\",\"storageBucket\":\"kiyo-dev-944.appspot.com\",\"locationId\":\"asia-northeast1\"}"},"runtime":"nodejs12"},"versionId":"1","updateTime":"2021-05-11T14:51:44Z","buildId":"ddae8042-54d0-4616-9c1d-3da4b8766ef9"}}
[debug] [2021-05-11T14:52:18.236Z] [create-projects/kiyo-dev-944/locations/asia-northeast1/functions/createPost] Retrying task index 0
[debug] [2021-05-11T14:52:18.236Z] >>> [apiv2][query] GET https://cloudfunctions.googleapis.com/v1/operations/a2l5by1kZXYtOTQ0L2FzaWEtbm9ydGhlYXN0MS9jcmVhdGVQb3N0L2JGVHFiSDl3a1B3 [none]
[debug] [2021-05-11T14:52:18.604Z] <<< [apiv2][status] GET https://cloudfunctions.googleapis.com/v1/operations/a2l5by1kZXYtOTQ0L2FzaWEtbm9ydGhlYXN0MS9jcmVhdGVQb3N0L2JGVHFiSDl3a1B3 200
[debug] [2021-05-11T14:52:18.604Z] <<< [apiv2][body] GET https://cloudfunctions.googleapis.com/v1/operations/a2l5by1kZXYtOTQ0L2FzaWEtbm9ydGhlYXN0MS9jcmVhdGVQb3N0L2JGVHFiSDl3a1B3 {"name":"operations/a2l5by1kZXYtOTQ0L2FzaWEtbm9ydGhlYXN0MS9jcmVhdGVQb3N0L2JGVHFiSDl3a1B3","metadata":{"@type":"type.googleapis.com/google.cloud.functions.v1.OperationMetadataV1","target":"projects/kiyo-dev-944/locations/asia-northeast1/functions/createPost","type":"CREATE_FUNCTION","request":{"@type":"type.googleapis.com/google.cloud.functions.v1.CloudFunction","name":"projects/kiyo-dev-944/locations/asia-northeast1/functions/createPost","httpsTrigger":{},"entryPoint":"createPost","labels":{"deployment-tool":"cli-firebase","deployment-callable":"true"},"sourceUploadUrl":"https://storage.googleapis.com/gcf-upload-us-central1-10b55855-dcfb-4814-8854-a8f08a1c067d/b16ae47b-0ae0-472c-969b-22f8ebbd41d6.zip?GoogleAccessId=service-142489019031@gcf-admin-robot.iam.gserviceaccount.com&Expires=1620746501&Signature=Gx7jKzVhBO8LCG1ZB2%2BZcIDtiBCxXGVgetycNfX%2BtecY6YMVncclb%2FqfL0Q2LOfy1NzxZcprFMdyVjgC7Af8NbeuKCvMUG7edizf0d%2Fu2KeN%2FAtIQCW%2B03qLMoOhcrERP%2BG9r68frMQKb1Rk1wnbJwcK6zFWctdAqx1mk2m4uMNbNdlHxyNEjflKCqaTE%2BLNCmgT3OQBUS%2B%2F63F25GDOpOXNn%2FZi17D6AZEAYOJu3u6sZaJFkocRqach5bLIzimN8BQw%2F2IYlQLW0PUjDSIVGBghct2oPHe67tZE%2BSYbqhAA1OLdLpiSkwEKPLOjs60XvxUlPznS4YZDIPQfGRR7qQ%3D%3D","environmentVariables":{"FIREBASE_CONFIG":"{\"projectId\":\"kiyo-dev-944\",\"storageBucket\":\"kiyo-dev-944.appspot.com\",\"locationId\":\"asia-northeast1\"}"},"runtime":"nodejs12"},"versionId":"1","updateTime":"2021-05-11T14:51:44Z","buildId":"ddae8042-54d0-4616-9c1d-3da4b8766ef9"}}
[debug] [2021-05-11T14:52:50.608Z] [create-projects/kiyo-dev-944/locations/asia-northeast1/functions/createPost] Retrying task index 0
[debug] [2021-05-11T14:52:50.609Z] >>> [apiv2][query] GET https://cloudfunctions.googleapis.com/v1/operations/a2l5by1kZXYtOTQ0L2FzaWEtbm9ydGhlYXN0MS9jcmVhdGVQb3N0L2JGVHFiSDl3a1B3 [none]
[debug] [2021-05-11T14:52:51.229Z] <<< [apiv2][status] GET https://cloudfunctions.googleapis.com/v1/operations/a2l5by1kZXYtOTQ0L2FzaWEtbm9ydGhlYXN0MS9jcmVhdGVQb3N0L2JGVHFiSDl3a1B3 200
[debug] [2021-05-11T14:52:51.229Z] <<< [apiv2][body] GET https://cloudfunctions.googleapis.com/v1/operations/a2l5by1kZXYtOTQ0L2FzaWEtbm9ydGhlYXN0MS9jcmVhdGVQb3N0L2JGVHFiSDl3a1B3 {"name":"operations/a2l5by1kZXYtOTQ0L2FzaWEtbm9ydGhlYXN0MS9jcmVhdGVQb3N0L2JGVHFiSDl3a1B3","metadata":{"@type":"type.googleapis.com/google.cloud.functions.v1.OperationMetadataV1","target":"projects/kiyo-dev-944/locations/asia-northeast1/functions/createPost","type":"CREATE_FUNCTION","request":{"@type":"type.googleapis.com/google.cloud.functions.v1.CloudFunction","name":"projects/kiyo-dev-944/locations/asia-northeast1/functions/createPost","httpsTrigger":{},"entryPoint":"createPost","labels":{"deployment-tool":"cli-firebase","deployment-callable":"true"},"sourceUploadUrl":"https://storage.googleapis.com/gcf-upload-us-central1-10b55855-dcfb-4814-8854-a8f08a1c067d/b16ae47b-0ae0-472c-969b-22f8ebbd41d6.zip?GoogleAccessId=service-142489019031@gcf-admin-robot.iam.gserviceaccount.com&Expires=1620746501&Signature=Gx7jKzVhBO8LCG1ZB2%2BZcIDtiBCxXGVgetycNfX%2BtecY6YMVncclb%2FqfL0Q2LOfy1NzxZcprFMdyVjgC7Af8NbeuKCvMUG7edizf0d%2Fu2KeN%2FAtIQCW%2B03qLMoOhcrERP%2BG9r68frMQKb1Rk1wnbJwcK6zFWctdAqx1mk2m4uMNbNdlHxyNEjflKCqaTE%2BLNCmgT3OQBUS%2B%2F63F25GDOpOXNn%2FZi17D6AZEAYOJu3u6sZaJFkocRqach5bLIzimN8BQw%2F2IYlQLW0PUjDSIVGBghct2oPHe67tZE%2BSYbqhAA1OLdLpiSkwEKPLOjs60XvxUlPznS4YZDIPQfGRR7qQ%3D%3D","environmentVariables":{"FIREBASE_CONFIG":"{\"projectId\":\"kiyo-dev-944\",\"storageBucket\":\"kiyo-dev-944.appspot.com\",\"locationId\":\"asia-northeast1\"}"},"runtime":"nodejs12"},"versionId":"1","updateTime":"2021-05-11T14:51:44Z","buildId":"ddae8042-54d0-4616-9c1d-3da4b8766ef9"}}
